<?xml version="1.0" encoding="UTF-8"?>
<testsuite name="se.yrgo.models.BookTest" tests="2" skipped="0" failures="0" errors="0" timestamp="2024-02-02T14:40:39" hostname="LINNEAS_SWIFT" time="0.005">
  <properties/>
  <testcase name="test2NonEqualBooks()" classname="se.yrgo.models.BookTest" time="0.003"/>
  <testcase name="test2EqualBooks()" classname="se.yrgo.models.BookTest" time="0.001"/>
  <system-out><![CDATA[]]></system-out>
  <system-err><![CDATA[]]></system-err>
</testsuite>
