<?xml version="1.0" encoding="UTF-8"?>
<testsuite name="se.yrgo.models.BookCatalogTest" tests="5" skipped="0" failures="0" errors="0" timestamp="2024-02-02T14:40:39" hostname="LINNEAS_SWIFT" time="0.034">
  <properties/>
  <testcase name="testAddBook()" classname="se.yrgo.models.BookCatalogTest" time="0.019"/>
  <testcase name="testFindBook()" classname="se.yrgo.models.BookCatalogTest" time="0.003"/>
  <testcase name="testFindBookIgnoringCase()" classname="se.yrgo.models.BookCatalogTest" time="0.001"/>
  <testcase name="testFindBookWithExtraSpaces()" classname="se.yrgo.models.BookCatalogTest" time="0.002"/>
  <testcase name="testFindBookThatDoesntExist()" classname="se.yrgo.models.BookCatalogTest" time="0.002"/>
  <system-out><![CDATA[]]></system-out>
  <system-err><![CDATA[]]></system-err>
</testsuite>
